FAILED:		Algrid		srm504_algrid		http://community.topcoder.com/stat?c=problem_statement&pm=11348		http://community.topcoder.com/tc?module=ProblemDetail&rd=14433&pm=11348
FAILED:		AlgridTwo		srm504_algridtwo		http://community.topcoder.com/stat?c=problem_statement&pm=11355		http://community.topcoder.com/tc?module=ProblemDetail&rd=14433&pm=11355
FAILED:		AmoebaDivOne		srm493_amoebadivone		http://community.topcoder.com/stat?c=problem_statement&pm=11179		http://community.topcoder.com/tc?module=ProblemDetail&rd=14422&pm=11179
FAILED:		Badgers		srm476_badgers		http://community.topcoder.com/stat?c=problem_statement&pm=10797		http://community.topcoder.com/tc?module=ProblemDetail&rd=14186&pm=10797
FAILED:		BlockDistance		srm306_blockdistance		http://community.topcoder.com/stat?c=problem_statement&pm=6417		http://community.topcoder.com/tc?module=ProblemDetail&rd=9986&pm=6417
FAILED:		bloggoProximitySearch		srm214_bloggoproximitysearch		http://community.topcoder.com/stat?c=problem_statement&pm=3026		http://community.topcoder.com/tc?module=ProblemDetail&rd=5860&pm=3026
FAILED:		bloggoSequenceSearch		srm214_bloggosequencesearch		http://community.topcoder.com/stat?c=problem_statement&pm=3023		http://community.topcoder.com/tc?module=ProblemDetail&rd=5860&pm=3023
FAILED:		BoundedOptimization		srm560_boundedoptimization		http://community.topcoder.com/stat?c=problem_statement&pm=12294		http://community.topcoder.com/tc?module=ProblemDetail&rd=15182&pm=12294
FAILED:		BrickPuzzle		srm451_brickpuzzle		http://community.topcoder.com/stat?c=problem_statement&pm=10524		http://community.topcoder.com/tc?module=ProblemDetail&rd=13905&pm=10524
FAILED:		BuildingRoads		srm470_buildingroads		http://community.topcoder.com/stat?c=problem_statement&pm=10737		http://community.topcoder.com/tc?module=ProblemDetail&rd=14153&pm=10737
FAILED:		BunnyComputer		srm487_bunnycomputer		http://community.topcoder.com/stat?c=problem_statement&pm=11157		http://community.topcoder.com/tc?module=ProblemDetail&rd=14240&pm=11157
FAILED:		BunnyConverter		srm487_bunnyconverter		http://community.topcoder.com/stat?c=problem_statement&pm=10746		http://community.topcoder.com/tc?module=ProblemDetail&rd=14240&pm=10746
FAILED:		BunnyExam		srm487_bunnyexam		http://community.topcoder.com/stat?c=problem_statement&pm=11011		http://community.topcoder.com/tc?module=ProblemDetail&rd=14240&pm=11011
FAILED:		BunnyExamAfter		srm487_bunnyexamafter		http://community.topcoder.com/stat?c=problem_statement&pm=11012		http://community.topcoder.com/tc?module=ProblemDetail&rd=14240&pm=11012
FAILED:		BunnySequence		srm487_bunnysequence		http://community.topcoder.com/stat?c=problem_statement&pm=10761		http://community.topcoder.com/tc?module=ProblemDetail&rd=14240&pm=10761
FAILED:		ComparerInator		srm504_comparerinator		http://community.topcoder.com/stat?c=problem_statement&pm=11350		http://community.topcoder.com/tc?module=ProblemDetail&rd=14433&pm=11350
FAILED:		CurvyonRails		srm570_curvyonrails		http://community.topcoder.com/stat?c=problem_statement&pm=12432		http://community.topcoder.com/tc?module=ProblemDetail&rd=15490&pm=12432
FAILED:		DisjointSemicircles		srm568_disjointsemicircles		http://community.topcoder.com/stat?c=problem_statement&pm=12365		http://community.topcoder.com/tc?module=ProblemDetail&rd=15488&pm=12365
FAILED:		DistinctDigits		srm426_distinctdigits		http://community.topcoder.com/stat?c=problem_statement&pm=10186		http://community.topcoder.com/tc?module=ProblemDetail&rd=13517&pm=10186
FAILED:		EllysFiveFriends		srm534_ellysfivefriends		http://community.topcoder.com/stat?c=problem_statement&pm=11522		http://community.topcoder.com/tc?module=ProblemDetail&rd=14727&pm=11522
FAILED:		FencingPenguins		srm566_fencingpenguins		http://community.topcoder.com/stat?c=problem_statement&pm=12339		http://community.topcoder.com/tc?module=ProblemDetail&rd=15486&pm=12339
FAILED:		FencingPenguinsEasy		srm566_fencingpenguinseasy		http://community.topcoder.com/stat?c=problem_statement&pm=12341		http://community.topcoder.com/tc?module=ProblemDetail&rd=15486&pm=12341
FAILED:		Foobar		srm186_foobar		http://community.topcoder.com/stat?c=problem_statement&pm=2243		http://community.topcoder.com/tc?module=ProblemDetail&rd=4750&pm=2243
FAILED:		FoxAndSorting		srm535_foxandsorting		http://community.topcoder.com/stat?c=problem_statement&pm=11572		http://community.topcoder.com/tc?module=ProblemDetail&rd=15037&pm=11572
FAILED:		FoxPlusMinus		srm552_foxplusminus		http://community.topcoder.com/stat?c=problem_statement&pm=12147		http://community.topcoder.com/tc?module=ProblemDetail&rd=15174&pm=12147
FAILED:		FriendTour		srm476_friendtour		http://community.topcoder.com/stat?c=problem_statement&pm=10806		http://community.topcoder.com/tc?module=ProblemDetail&rd=14186&pm=10806
FAILED:		FurnitureRobbery		srm353_furniturerobbery		http://community.topcoder.com/stat?c=problem_statement&pm=7843		http://community.topcoder.com/tc?module=ProblemDetail&rd=10710&pm=7843
FAILED:		GogoXReimuHakurai		srm530_gogoxreimuhakurai		http://community.topcoder.com/stat?c=problem_statement&pm=10788		http://community.topcoder.com/tc?module=ProblemDetail&rd=14723&pm=10788
FAILED:		Graduation		srm200_graduation		http://community.topcoder.com/stat?c=problem_statement&pm=2852		http://community.topcoder.com/tc?module=ProblemDetail&rd=5075&pm=2852
FAILED:		ImageRepeat		srm256_imagerepeat		http://community.topcoder.com/stat?c=problem_statement&pm=4692		http://community.topcoder.com/tc?module=ProblemDetail&rd=7992&pm=4692
FAILED:		IncreasingNumber		srm452_increasingnumber		http://community.topcoder.com/stat?c=problem_statement&pm=10566		http://community.topcoder.com/tc?module=ProblemDetail&rd=13906&pm=10566
FAILED:		IndicatorMotionDrawing		srm298_indicatormotiondrawing		http://community.topcoder.com/stat?c=problem_statement&pm=6183		http://community.topcoder.com/tc?module=ProblemDetail&rd=9819&pm=6183
FAILED:		InducedSubgraphs		srm562_inducedsubgraphs		http://community.topcoder.com/stat?c=problem_statement&pm=12304		http://community.topcoder.com/tc?module=ProblemDetail&rd=15184&pm=12304
FAILED:		InfiniteAddition		srm385_infiniteaddition		http://community.topcoder.com/stat?c=problem_statement&pm=8458		http://community.topcoder.com/tc?module=ProblemDetail&rd=10810&pm=8458
FAILED:		JohnnysPhone		srm370_johnnysphone		http://community.topcoder.com/stat?c=problem_statement&pm=7967		http://community.topcoder.com/tc?module=ProblemDetail&rd=10786&pm=7967
FAILED:		KingdomMap		srm439_kingdommap		http://community.topcoder.com/stat?c=problem_statement&pm=10384		http://community.topcoder.com/tc?module=ProblemDetail&rd=13747&pm=10384
FAILED:		KingXMagicSpells		srm537_kingxmagicspells		http://community.topcoder.com/stat?c=problem_statement&pm=11822		http://community.topcoder.com/tc?module=ProblemDetail&rd=14730&pm=11822
FAILED:		KingXNewBaby		srm537_kingxnewbaby		http://community.topcoder.com/stat?c=problem_statement&pm=11823		http://community.topcoder.com/tc?module=ProblemDetail&rd=14730&pm=11823
FAILED:		KingXNewCurrency		srm537_kingxnewcurrency		http://community.topcoder.com/stat?c=problem_statement&pm=11817		http://community.topcoder.com/tc?module=ProblemDetail&rd=14730&pm=11817
FAILED:		KnightCircuit		srm564_knightcircuit		http://community.topcoder.com/stat?c=problem_statement&pm=10966		http://community.topcoder.com/tc?module=ProblemDetail&rd=15186&pm=10966
FAILED:		LanguageRecognition		srm250_languagerecognition		http://community.topcoder.com/stat?c=problem_statement&pm=4570		http://community.topcoder.com/tc?module=ProblemDetail&rd=7225&pm=4570
FAILED:		LumberjackHack		srm186_lumberjackhack		http://community.topcoder.com/stat?c=problem_statement&pm=2410		http://community.topcoder.com/tc?module=ProblemDetail&rd=4750&pm=2410
FAILED:		MagicMatchesGame		srm526.5_magicmatchesgame		http://community.topcoder.com/stat?c=problem_statement&pm=11676		http://community.topcoder.com/tc?module=ProblemDetail&rd=14762&pm=11676
FAILED:		MarbleCollectionGame		srm391_marblecollectiongame		http://community.topcoder.com/stat?c=problem_statement&pm=8488		http://community.topcoder.com/tc?module=ProblemDetail&rd=11125&pm=8488
FAILED:		MathContest		srm504_mathcontest		http://community.topcoder.com/stat?c=problem_statement&pm=11233		http://community.topcoder.com/tc?module=ProblemDetail&rd=14433&pm=11233
FAILED:		MatrixShiftings		srm476_matrixshiftings		http://community.topcoder.com/stat?c=problem_statement&pm=10810		http://community.topcoder.com/tc?module=ProblemDetail&rd=14186&pm=10810
FAILED:		MaximalTriangle		srm547_maximaltriangle		http://community.topcoder.com/stat?c=problem_statement&pm=12054		http://community.topcoder.com/tc?module=ProblemDetail&rd=14739&pm=12054
FAILED:		MegaFactorial		srm569_megafactorial		http://community.topcoder.com/stat?c=problem_statement&pm=12389		http://community.topcoder.com/tc?module=ProblemDetail&rd=15489&pm=12389
FAILED:		MinimumTours		srm411_minimumtours		http://community.topcoder.com/stat?c=problem_statement&pm=7620		http://community.topcoder.com/tc?module=ProblemDetail&rd=12183&pm=7620
FAILED:		Mixture		srm231_mixture		http://community.topcoder.com/stat?c=problem_statement&pm=3942		http://community.topcoder.com/tc?module=ProblemDetail&rd=6520&pm=3942
FAILED:		MountainMap		srm369_mountainmap		http://community.topcoder.com/stat?c=problem_statement&pm=8041		http://community.topcoder.com/tc?module=ProblemDetail&rd=10785&pm=8041
FAILED:		NewOperator		srm338_newoperator		http://community.topcoder.com/stat?c=problem_statement&pm=7387		http://community.topcoder.com/tc?module=ProblemDetail&rd=10662&pm=7387
FAILED:		OldBridges		srm556_oldbridges		http://community.topcoder.com/stat?c=problem_statement&pm=12144		http://community.topcoder.com/tc?module=ProblemDetail&rd=15178&pm=12144
FAILED:		Orienteering		srm561_orienteering		http://community.topcoder.com/stat?c=problem_statement&pm=12305		http://community.topcoder.com/tc?module=ProblemDetail&rd=15183&pm=12305
FAILED:		P8XCoinChange		srm527_p8xcoinchange		http://community.topcoder.com/stat?c=problem_statement&pm=11155		http://community.topcoder.com/tc?module=ProblemDetail&rd=14552&pm=11155
FAILED:		PaperRacing		srm352_paperracing		http://community.topcoder.com/stat?c=problem_statement&pm=6879		http://community.topcoder.com/tc?module=ProblemDetail&rd=10709&pm=6879
FAILED:		PolygonColors		srm406_polygoncolors		http://community.topcoder.com/stat?c=problem_statement&pm=8801		http://community.topcoder.com/tc?module=ProblemDetail&rd=12178&pm=8801
FAILED:		PolygonDecomposition		srm264_polygondecomposition		http://community.topcoder.com/stat?c=problem_statement&pm=4445		http://community.topcoder.com/tc?module=ProblemDetail&rd=7998&pm=4445
FAILED:		Posters		srm157_posters		http://community.topcoder.com/stat?c=problem_statement&pm=1684		http://community.topcoder.com/tc?module=ProblemDetail&rd=4590&pm=1684
FAILED:		PostfixRLE		srm327_postfixrle		http://community.topcoder.com/stat?c=problem_statement&pm=6834		http://community.topcoder.com/tc?module=ProblemDetail&rd=10007&pm=6834
FAILED:		PowerAdapters		srm393_poweradapters		http://community.topcoder.com/stat?c=problem_statement&pm=8391		http://community.topcoder.com/tc?module=ProblemDetail&rd=11127&pm=8391
FAILED:		PreprimeNumbers		srm307_preprimenumbers		http://community.topcoder.com/stat?c=problem_statement&pm=6083		http://community.topcoder.com/tc?module=ProblemDetail&rd=9987&pm=6083
FAILED:		PrinceXDominoes		srm537_princexdominoes		http://community.topcoder.com/stat?c=problem_statement&pm=11217		http://community.topcoder.com/tc?module=ProblemDetail&rd=14730&pm=11217
FAILED:		PrinceXToastbook		srm537_princextoastbook		http://community.topcoder.com/stat?c=problem_statement&pm=11356		http://community.topcoder.com/tc?module=ProblemDetail&rd=14730&pm=11356
FAILED:		PulseRadar		srm180_pulseradar		http://community.topcoder.com/stat?c=problem_statement&pm=2301		http://community.topcoder.com/tc?module=ProblemDetail&rd=4720&pm=2301
FAILED:		PyramidPuzzle		srm383_pyramidpuzzle		http://community.topcoder.com/stat?c=problem_statement&pm=8275		http://community.topcoder.com/tc?module=ProblemDetail&rd=10806&pm=8275
FAILED:		RectangularIsland		srm472_rectangularisland		http://community.topcoder.com/stat?c=problem_statement&pm=10945		http://community.topcoder.com/tc?module=ProblemDetail&rd=14154&pm=10945
FAILED:		RobotRace		srm263_robotrace		http://community.topcoder.com/stat?c=problem_statement&pm=4778		http://community.topcoder.com/tc?module=ProblemDetail&rd=7997&pm=4778
FAILED:		RotatingTriangles		srm444_rotatingtriangles		http://community.topcoder.com/stat?c=problem_statement&pm=10391		http://community.topcoder.com/tc?module=ProblemDetail&rd=13898&pm=10391
FAILED:		RunningLetters		srm401_runningletters		http://community.topcoder.com/stat?c=problem_statement&pm=8321		http://community.topcoder.com/tc?module=ProblemDetail&rd=12173&pm=8321
FAILED:		SameDigits		srm358_samedigits		http://community.topcoder.com/stat?c=problem_statement&pm=7705		http://community.topcoder.com/tc?module=ProblemDetail&rd=10768&pm=7705
FAILED:		SandTimers		srm245_sandtimers		http://community.topcoder.com/stat?c=problem_statement&pm=4587		http://community.topcoder.com/tc?module=ProblemDetail&rd=7220&pm=4587
FAILED:		SetOfPatterns		srm390_setofpatterns		http://community.topcoder.com/stat?c=problem_statement&pm=8307		http://community.topcoder.com/tc?module=ProblemDetail&rd=11124&pm=8307
FAILED:		Shape3D		srm414_shape3d		http://community.topcoder.com/stat?c=problem_statement&pm=8394		http://community.topcoder.com/tc?module=ProblemDetail&rd=13505&pm=8394
FAILED:		ShortCut		srm215_shortcut		http://community.topcoder.com/stat?c=problem_statement&pm=2867		http://community.topcoder.com/tc?module=ProblemDetail&rd=5861&pm=2867
FAILED:		ShortPaths		srm406_shortpaths		http://community.topcoder.com/stat?c=problem_statement&pm=8791		http://community.topcoder.com/tc?module=ProblemDetail&rd=12178&pm=8791
FAILED:		SlimeXSlimeRancher		srm506_slimexslimerancher		http://community.topcoder.com/stat?c=problem_statement&pm=11360		http://community.topcoder.com/tc?module=ProblemDetail&rd=14435&pm=11360
FAILED:		Soma		srm198_soma		http://community.topcoder.com/stat?c=problem_statement&pm=2824		http://community.topcoder.com/tc?module=ProblemDetail&rd=5073&pm=2824
FAILED:		SpaceshipEvacuation		srm476_spaceshipevacuation		http://community.topcoder.com/stat?c=problem_statement&pm=10993		http://community.topcoder.com/tc?module=ProblemDetail&rd=14186&pm=10993
FAILED:		SquarePoints		srm192_squarepoints		http://community.topcoder.com/stat?c=problem_statement&pm=2451		http://community.topcoder.com/tc?module=ProblemDetail&rd=4780&pm=2451
FAILED:		Stackol		srm504_stackol		http://community.topcoder.com/stat?c=problem_statement&pm=11339		http://community.topcoder.com/tc?module=ProblemDetail&rd=14433&pm=11339
FAILED:		Stitch		srm231_stitch		http://community.topcoder.com/stat?c=problem_statement&pm=3946		http://community.topcoder.com/tc?module=ProblemDetail&rd=6520&pm=3946
FAILED:		StringDecryption		srm480_stringdecryption		http://community.topcoder.com/stat?c=problem_statement&pm=10748		http://community.topcoder.com/tc?module=ProblemDetail&rd=14159&pm=10748
FAILED:		SubAnagrams		srm476_subanagrams		http://community.topcoder.com/stat?c=problem_statement&pm=10798		http://community.topcoder.com/tc?module=ProblemDetail&rd=14186&pm=10798
FAILED:		SurroundingGame		srm558_surroundinggame		http://community.topcoder.com/stat?c=problem_statement&pm=12158		http://community.topcoder.com/tc?module=ProblemDetail&rd=15180&pm=12158
FAILED:		TCMinMin		srm213_tcminmin		http://community.topcoder.com/stat?c=problem_statement&pm=2897		http://community.topcoder.com/tc?module=ProblemDetail&rd=5859&pm=2897
FAILED:		TheBasketballDivOne		srm453_thebasketballdivone		http://community.topcoder.com/stat?c=problem_statement&pm=10687		http://community.topcoder.com/tc?module=ProblemDetail&rd=13907&pm=10687
FAILED:		TheBasketballDivTwo		srm453_thebasketballdivtwo		http://community.topcoder.com/stat?c=problem_statement&pm=10688		http://community.topcoder.com/tc?module=ProblemDetail&rd=13907&pm=10688
FAILED:		TheBoardingDivOne		srm479_theboardingdivone		http://community.topcoder.com/stat?c=problem_statement&pm=11032		http://community.topcoder.com/tc?module=ProblemDetail&rd=14158&pm=11032
FAILED:		TheBoringGameDivTwo		srm488_theboringgamedivtwo		http://community.topcoder.com/stat?c=problem_statement&pm=11206		http://community.topcoder.com/tc?module=ProblemDetail&rd=14241&pm=11206
FAILED:		TheCitiesAndRoadsDivOne		srm460_thecitiesandroadsdivone		http://community.topcoder.com/stat?c=problem_statement&pm=10773		http://community.topcoder.com/tc?module=ProblemDetail&rd=14146&pm=10773
FAILED:		TheCitiesAndRoadsDivTwo		srm460_thecitiesandroadsdivtwo		http://community.topcoder.com/stat?c=problem_statement&pm=10774		http://community.topcoder.com/tc?module=ProblemDetail&rd=14146&pm=10774
FAILED:		TheContest		srm459_thecontest		http://community.topcoder.com/stat?c=problem_statement&pm=10738		http://community.topcoder.com/tc?module=ProblemDetail&rd=14145&pm=10738
FAILED:		TheCowDivOne		srm502_thecowdivone		http://community.topcoder.com/stat?c=problem_statement&pm=11351		http://community.topcoder.com/tc?module=ProblemDetail&rd=14431&pm=11351
FAILED:		TheLuckyBasesDivOne		srm510_theluckybasesdivone		http://community.topcoder.com/stat?c=problem_statement&pm=11465		http://community.topcoder.com/tc?module=ProblemDetail&rd=14439&pm=11465
FAILED:		ThePower		srm437_thepower		http://community.topcoder.com/stat?c=problem_statement&pm=10235		http://community.topcoder.com/tc?module=ProblemDetail&rd=13699&pm=10235
FAILED:		TheSoccerDivOne		srm453_thesoccerdivone		http://community.topcoder.com/stat?c=problem_statement&pm=10689		http://community.topcoder.com/tc?module=ProblemDetail&rd=13907&pm=10689
FAILED:		TheSoccerDivTwo		srm453_thesoccerdivtwo		http://community.topcoder.com/stat?c=problem_statement&pm=10690		http://community.topcoder.com/tc?module=ProblemDetail&rd=13907&pm=10690
FAILED:		TheSquareDivOne		srm457_thesquaredivone		http://community.topcoder.com/stat?c=problem_statement&pm=10298		http://community.topcoder.com/tc?module=ProblemDetail&rd=14144&pm=10298
FAILED:		TheTournamentDivOne		srm453_thetournamentdivone		http://community.topcoder.com/stat?c=problem_statement&pm=10685		http://community.topcoder.com/tc?module=ProblemDetail&rd=13907&pm=10685
FAILED:		TheTournamentDivTwo		srm453_thetournamentdivtwo		http://community.topcoder.com/stat?c=problem_statement&pm=10686		http://community.topcoder.com/tc?module=ProblemDetail&rd=13907&pm=10686
FAILED:		ToyTrain		srm559_toytrain		http://community.topcoder.com/stat?c=problem_statement&pm=12177		http://community.topcoder.com/tc?module=ProblemDetail&rd=15181&pm=12177
FAILED:		Tunnels		srm574_tunnels		http://community.topcoder.com/stat?c=problem_statement&pm=12476		http://community.topcoder.com/tc?module=ProblemDetail&rd=15494&pm=12476
FAILED:		TurfRoller		srm203_turfroller		http://community.topcoder.com/stat?c=problem_statement&pm=2247		http://community.topcoder.com/tc?module=ProblemDetail&rd=5849&pm=2247
FAILED:		VerySmoothDecompositions		srm519_verysmoothdecompositions		http://community.topcoder.com/stat?c=problem_statement&pm=11555		http://community.topcoder.com/tc?module=ProblemDetail&rd=14544&pm=11555
FAILED:		WifiPlanet		srm410_wifiplanet		http://community.topcoder.com/stat?c=problem_statement&pm=9733		http://community.topcoder.com/tc?module=ProblemDetail&rd=12182&pm=9733
